#
# A fatal error has been detected by the Java Runtime Environment:
#
#  EXCEPTION_ACCESS_VIOLATION (0xc0000005) at pc=0x00000000655a9fbb, pid=4972, tid=2164
#
# JRE version: Java(TM) SE Runtime Environment (7.0_45-b18) (build 1.7.0_45-b18)
# Java VM: Java HotSpot(TM) 64-Bit Server VM (24.45-b08 mixed mode windows-amd64 compressed oops)
# Problematic frame:
# C  [gdx64.dll+0x29fbb]
#
# Failed to write core dump. Minidumps are not enabled by default on client versions of Windows
#
# If you would like to submit a bug report, please visit:
#   http://bugreport.sun.com/bugreport/crash.jsp
# The crash happened outside the Java Virtual Machine in native code.
# See problematic frame for where to report the bug.
#

---------------  T H R E A D  ---------------

Current thread (0x000000000d3d8000):  JavaThread "LWJGL Application" [_thread_in_native, id=2164, stack(0x000000000fe00000,0x000000000ff00000)]

siginfo: ExceptionCode=0xc0000005, reading address 0x0000003100000019

Registers:
RAX=0x0000003100000011, RBX=0x00000000be03bda0, RCX=0x00000000002e8d80, RDX=0x000000000feff4e0
RSP=0x000000000feff428, RBP=0x000000000feff4b0, RSI=0x0000000000000000, RDI=0x00000000021160f8
R8 =0x00000000002e8d80, R9 =0x0000000001ef0a10, R10=0x0000000002122ac4, R11=0x000000006f04f900
R12=0x0000000000000000, R13=0x00000000be03bda0, R14=0x000000000feff4e0, R15=0x000000000d3d8000
RIP=0x00000000655a9fbb, EFLAGS=0x0000000000010202

Top of Stack: (sp=0x000000000feff428)
0x000000000feff428:   0000000002122af0 0000000008268200
0x000000000feff438:   00000000be0c8cd4 0000000000000000
0x000000000feff448:   000000000a3d6340 000000000d6df2f0
0x000000000feff458:   000000006ef0e3be 000000000feff8e8
0x000000000feff468:   000000000feff4f9 000000000feff470
0x000000000feff478:   0000000000000000 000000000feff4e0
0x000000000feff488:   00000000be09a180 0000000000000000
0x000000000feff498:   00000000be03bda0 0000000000000000
0x000000000feff4a8:   000000000feff4d0 000000000feff528
0x000000000feff4b8:   00000000021160f8 0000000000000000
0x000000000feff4c8:   000000000211f0d8 00000000002e8d80
0x000000000feff4d8:   000000000a3d6390 00000000ebae7208
0x000000000feff4e8:   000000000feff4e8 00000000be03bcc5
0x000000000feff4f8:   000000000feff538 00000000be09a180
0x000000000feff508:   0000000000000000 00000000be03bce0
0x000000000feff518:   000000000feff4d0 000000000feff538 

Instructions: (pc=0x00000000655a9fbb)
0x00000000655a9f9b:   00 00 00 00 00 f3 41 0f 11 58 0c c3 66 0f 1f 84
0x00000000655a9fab:   00 00 00 00 00 4d 85 c0 74 0d 49 8b 00 4c 89 c1
0x00000000655a9fbb:   48 8b 40 08 48 ff e0 f3 c3 66 66 66 2e 0f 1f 84
0x00000000655a9fcb:   00 00 00 00 00 41 8b 50 08 b8 ff ff ff ff 83 fa 


Register to memory mapping:

RAX=0x0000003100000011 is an unknown value
RBX=0x00000000be03bda0 is an oop
{method} 
 - klass: {other class}
RCX=0x00000000002e8d80 is an unknown value
RDX=0x000000000feff4e0 is pointing into the stack for thread: 0x000000000d3d8000
RSP=0x000000000feff428 is pointing into the stack for thread: 0x000000000d3d8000
RBP=0x000000000feff4b0 is pointing into the stack for thread: 0x000000000d3d8000
RSI=0x0000000000000000 is an unknown value
RDI=0x00000000021160f8 is at code_begin+2520 in an Interpreter codelet
return entry points  [0x0000000002115720, 0x0000000002117520]  7680 bytes
R8 =0x00000000002e8d80 is an unknown value
R9 =0x0000000001ef0a10 is an unknown value
R10=0x0000000002122ac4 is at code_begin+644 in an Interpreter codelet
method entry point (kind = native)  [0x0000000002122840, 0x00000000021230e0]  2208 bytes
R11=0x000000006f04f900 is an unknown value
R12=0x0000000000000000 is an unknown value
R13=0x00000000be03bda0 is an oop
{method} 
 - klass: {other class}
R14=0x000000000feff4e0 is pointing into the stack for thread: 0x000000000d3d8000
R15=0x000000000d3d8000 is a thread


Stack: [0x000000000fe00000,0x000000000ff00000],  sp=0x000000000feff428,  free space=1021k
Native frames: (J=compiled Java code, j=interpreted, Vv=VM code, C=native code)
C  [gdx64.dll+0x29fbb]
j  com.badlogic.gdx.physics.box2d.Shape.dispose()V+5
j  de.htw.saarland.gamedev.nap.data.entities.Entity.dispose()V+7
j  de.htw.saarland.gamedev.nap.client.entity.ClientPlayer.dispose()V+4
j  de.htw.saarland.gamedev.nap.client.GameClient.dispose()V+18
j  com.badlogic.gdx.backends.lwjgl.LwjglApplication.mainLoop()V+780
j  com.badlogic.gdx.backends.lwjgl.LwjglApplication$1.run()V+27
v  ~StubRoutines::call_stub
V  [jvm.dll+0x1cb0c3]

Java frames: (J=compiled Java code, j=interpreted, Vv=VM code)
j  com.badlogic.gdx.physics.box2d.Shape.jniDispose(J)V+0
j  com.badlogic.gdx.physics.box2d.Shape.dispose()V+5
j  de.htw.saarland.gamedev.nap.data.entities.Entity.dispose()V+7
j  de.htw.saarland.gamedev.nap.client.entity.ClientPlayer.dispose()V+4
j  de.htw.saarland.gamedev.nap.client.GameClient.dispose()V+18
j  com.badlogic.gdx.backends.lwjgl.LwjglApplication.mainLoop()V+780
j  com.badlogic.gdx.backends.lwjgl.LwjglApplication$1.run()V+27
v  ~StubRoutines::call_stub

---------------  P R O C E S S  ---------------

Java Threads: ( => current thread )
  0x000000000d75e000 JavaThread "LWJGL Timer" daemon [_thread_blocked, id=2372, stack(0x0000000010cb0000,0x0000000010db0000)]
=>0x000000000d3d8000 JavaThread "LWJGL Application" [_thread_in_native, id=2164, stack(0x000000000fe00000,0x000000000ff00000)]
  0x000000000a3cd000 JavaThread "New I/O client worker #1-1" [_thread_in_native, id=6728, stack(0x000000000da80000,0x000000000db80000)]
  0x000000000a226800 JavaThread "pool-2-thread-1" [_thread_blocked, id=4056, stack(0x000000000dc30000,0x000000000dd30000)]
  0x000000000a380800 JavaThread "TimerQueue" daemon [_thread_blocked, id=7092, stack(0x000000000d110000,0x000000000d210000)]
  0x000000000a380000 JavaThread "D3D Screen Updater" daemon [_thread_blocked, id=6012, stack(0x000000000cfc0000,0x000000000d0c0000)]
  0x000000000026e000 JavaThread "DestroyJavaVM" [_thread_blocked, id=4444, stack(0x0000000002010000,0x0000000002110000)]
  0x000000000a12f800 JavaThread "AWT-Windows" daemon [_thread_in_native, id=6096, stack(0x000000000a6e0000,0x000000000a7e0000)]
  0x000000000a12a000 JavaThread "Java2D Disposer" daemon [_thread_blocked, id=3656, stack(0x0000000009d10000,0x0000000009e10000)]
  0x000000000825a800 JavaThread "Service Thread" daemon [_thread_blocked, id=2084, stack(0x0000000009e60000,0x0000000009f60000)]
  0x0000000008259000 JavaThread "C2 CompilerThread1" daemon [_thread_blocked, id=2276, stack(0x00000000096d0000,0x00000000097d0000)]
  0x000000000824e800 JavaThread "C2 CompilerThread0" daemon [_thread_blocked, id=6636, stack(0x0000000009ba0000,0x0000000009ca0000)]
  0x000000000824d800 JavaThread "Attach Listener" daemon [_thread_blocked, id=7040, stack(0x0000000009a30000,0x0000000009b30000)]
  0x0000000008246000 JavaThread "Signal Dispatcher" daemon [_thread_blocked, id=3780, stack(0x0000000009840000,0x0000000009940000)]
  0x00000000081f6800 JavaThread "Finalizer" daemon [_thread_blocked, id=5036, stack(0x0000000009590000,0x0000000009690000)]
  0x00000000081ed000 JavaThread "Reference Handler" daemon [_thread_blocked, id=1808, stack(0x0000000009430000,0x0000000009530000)]

Other Threads:
  0x00000000081e7000 VMThread [stack: 0x0000000009250000,0x0000000009350000] [id=5264]
  0x0000000008263800 WatcherThread [stack: 0x0000000009fa0000,0x000000000a0a0000] [id=5832]

VM state:not at safepoint (normal execution)

VM Mutex/Monitor currently owned by a thread: None

Heap
 PSYoungGen      total 18944K, used 10011K [0x00000000eb600000, 0x00000000ecb00000, 0x0000000100000000)
  eden space 16384K, 45% used [0x00000000eb600000,0x00000000ebd46c20,0x00000000ec600000)
  from space 2560K, 100% used [0x00000000ec880000,0x00000000ecb00000,0x00000000ecb00000)
  to   space 2560K, 0% used [0x00000000ec600000,0x00000000ec600000,0x00000000ec880000)
 ParOldGen       total 41984K, used 971K [0x00000000c2200000, 0x00000000c4b00000, 0x00000000eb600000)
  object space 41984K, 2% used [0x00000000c2200000,0x00000000c22f2de0,0x00000000c4b00000)
 PSPermGen       total 21504K, used 17325K [0x00000000bd000000, 0x00000000be500000, 0x00000000c2200000)
  object space 21504K, 80% used [0x00000000bd000000,0x00000000be0eb7f8,0x00000000be500000)

Card table byte_map: [0x00000000051d0000,0x00000000053f0000] byte_map_base: 0x0000000004be8000

Polling page: 0x0000000000230000

Code Cache  [0x0000000002110000, 0x0000000002380000, 0x0000000005110000)
 total_blobs=883 nmethods=254 adapters=582 free_code_cache=48077Kb largest_free_block=49188160

Compilation events (10 events):
Event: 85.189 Thread 0x0000000008259000  251             java.util.ArrayList$Itr::hasNext (20 bytes)
Event: 85.189 Thread 0x0000000008259000 nmethod 251 0x000000000220b7d0 code [0x000000000220b900, 0x000000000220b978]
Event: 85.402 Thread 0x000000000824e800  252             com.badlogic.gdx.utils.Array::get (27 bytes)
Event: 85.403 Thread 0x000000000824e800 nmethod 252 0x000000000220df50 code [0x000000000220e080, 0x000000000220e118]
Event: 86.419 Thread 0x0000000008259000  253             java.nio.Buffer::clear (20 bytes)
Event: 86.420 Thread 0x0000000008259000 nmethod 253 0x000000000220b5d0 code [0x000000000220b700, 0x000000000220b758]
Event: 86.637 Thread 0x000000000824e800  254             org.jboss.netty.channel.socket.nio.NioSocketChannel::getConfig (5 bytes)
Event: 86.638 Thread 0x000000000824e800 nmethod 254 0x000000000220dd50 code [0x000000000220de80, 0x000000000220ded8]
Event: 87.069 Thread 0x0000000008259000  255   !         org.lwjgl.opengl.Display::isFullscreen (34 bytes)
Event: 87.071 Thread 0x0000000008259000 nmethod 255 0x000000000220d8d0 code [0x000000000220da20, 0x000000000220dc98]

GC Heap History (4 events):
Event: 10.528 GC heap before
{Heap before GC invocations=1 (full 0):
 PSYoungGen      total 18944K, used 16384K [0x00000000eb600000, 0x00000000ecb00000, 0x0000000100000000)
  eden space 16384K, 100% used [0x00000000eb600000,0x00000000ec600000,0x00000000ec600000)
  from space 2560K, 0% used [0x00000000ec880000,0x00000000ec880000,0x00000000ecb00000)
  to   space 2560K, 0% used [0x00000000ec600000,0x00000000ec600000,0x00000000ec880000)
 ParOldGen       total 41984K, used 0K [0x00000000c2200000, 0x00000000c4b00000, 0x00000000eb600000)
  object space 41984K, 0% used [0x00000000c2200000,0x00000000c2200000,0x00000000c4b00000)
 PSPermGen       total 21504K, used 13380K [0x00000000bd000000, 0x00000000be500000, 0x00000000c2200000)
  object space 21504K, 62% used [0x00000000bd000000,0x00000000bdd11378,0x00000000be500000)
Event: 10.539 GC heap after
Heap after GC invocations=1 (full 0):
 PSYoungGen      total 18944K, used 2535K [0x00000000eb600000, 0x00000000ecb00000, 0x0000000100000000)
  eden space 16384K, 0% used [0x00000000eb600000,0x00000000eb600000,0x00000000ec600000)
  from space 2560K, 99% used [0x00000000ec600000,0x00000000ec879c50,0x00000000ec880000)
  to   space 2560K, 0% used [0x00000000ec880000,0x00000000ec880000,0x00000000ecb00000)
 ParOldGen       total 41984K, used 357K [0x00000000c2200000, 0x00000000c4b00000, 0x00000000eb600000)
  object space 41984K, 0% used [0x00000000c2200000,0x00000000c2259688,0x00000000c4b00000)
 PSPermGen       total 21504K, used 13380K [0x00000000bd000000, 0x00000000be500000, 0x00000000c2200000)
  object space 21504K, 62% used [0x00000000bd000000,0x00000000bdd11378,0x00000000be500000)
}
Event: 51.222 GC heap before
{Heap before GC invocations=2 (full 0):
 PSYoungGen      total 18944K, used 18919K [0x00000000eb600000, 0x00000000ecb00000, 0x0000000100000000)
  eden space 16384K, 100% used [0x00000000eb600000,0x00000000ec600000,0x00000000ec600000)
  from space 2560K, 99% used [0x00000000ec600000,0x00000000ec879c50,0x00000000ec880000)
  to   space 2560K, 0% used [0x00000000ec880000,0x00000000ec880000,0x00000000ecb00000)
 ParOldGen       total 41984K, used 357K [0x00000000c2200000, 0x00000000c4b00000, 0x00000000eb600000)
  object space 41984K, 0% used [0x00000000c2200000,0x00000000c2259688,0x00000000c4b00000)
 PSPermGen       total 21504K, used 15873K [0x00000000bd000000, 0x00000000be500000, 0x00000000c2200000)
  object space 21504K, 73% used [0x00000000bd000000,0x00000000bdf807a0,0x00000000be500000)
Event: 51.269 GC heap after
Heap after GC invocations=2 (full 0):
 PSYoungGen      total 18944K, used 2560K [0x00000000eb600000, 0x00000000ecb00000, 0x0000000100000000)
  eden space 16384K, 0% used [0x00000000eb600000,0x00000000eb600000,0x00000000ec600000)
  from space 2560K, 100% used [0x00000000ec880000,0x00000000ecb00000,0x00000000ecb00000)
  to   space 2560K, 0% used [0x00000000ec600000,0x00000000ec600000,0x00000000ec880000)
 ParOldGen       total 41984K, used 971K [0x00000000c2200000, 0x00000000c4b00000, 0x00000000eb600000)
  object space 41984K, 2% used [0x00000000c2200000,0x00000000c22f2de0,0x00000000c4b00000)
 PSPermGen       total 21504K, used 15873K [0x00000000bd000000, 0x00000000be500000, 0x00000000c2200000)
  object space 21504K, 73% used [0x00000000bd000000,0x00000000bdf807a0,0x00000000be500000)
}

Deoptimization events (10 events):
Event: 18.478 Thread 0x000000000a366000 Uncommon trap: reason=unreached action=reinterpret pc=0x00000000021c9ffc method=java.awt.EventQueue.eventToCacheIndex(Ljava/awt/AWTEvent;)I @ 60
Event: 18.478 Thread 0x000000000a366000 Uncommon trap: reason=unreached action=reinterpret pc=0x00000000021a5770 method=java.awt.EventQueue.noEvents()Z @ 16
Event: 51.270 Thread 0x000000000a12f800 Uncommon trap: reason=unreached action=reinterpret pc=0x00000000021adcd4 method=sun.awt.AWTAutoShutdown.setToolkitBusy(Z)V @ 38
Event: 56.690 Thread 0x000000000d3d8000 Uncommon trap: reason=class_check action=maybe_recompile pc=0x00000000021d0db4 method=java.util.HashMap.put(Ljava/lang/Object;Ljava/lang/Object;)Ljava/lang/Object; @ 83
Event: 58.919 Thread 0x000000000d3d8000 Uncommon trap: reason=class_check action=maybe_recompile pc=0x00000000021d0db4 method=java.util.HashMap.put(Ljava/lang/Object;Ljava/lang/Object;)Ljava/lang/Object; @ 83
Event: 59.483 Thread 0x000000000d3d8000 Uncommon trap: reason=class_check action=maybe_recompile pc=0x00000000021ab274 method=java.nio.ByteBuffer.put([B)Ljava/nio/ByteBuffer; @ 5
Event: 59.563 Thread 0x000000000d3d8000 Uncommon trap: reason=unreached action=reinterpret pc=0x00000000021c19f4 method=java.lang.ThreadLocal$ThreadLocalMap.getEntry(Ljava/lang/ThreadLocal;)Ljava/lang/ThreadLocal$ThreadLocalMap$Entry; @ 21
Event: 59.584 Thread 0x000000000d3d8000 Uncommon trap: reason=class_check action=maybe_recompile pc=0x00000000021ab274 method=java.nio.ByteBuffer.put([B)Ljava/nio/ByteBuffer; @ 5
Event: 59.800 Thread 0x000000000d3d8000 Uncommon trap: reason=class_check action=maybe_recompile pc=0x00000000021ab274 method=java.nio.ByteBuffer.put([B)Ljava/nio/ByteBuffer; @ 5
Event: 59.833 Thread 0x000000000d3d8000 Uncommon trap: reason=class_check action=maybe_recompile pc=0x00000000021ab274 method=java.nio.ByteBuffer.put([B)Ljava/nio/ByteBuffer; @ 5

Internal exceptions (10 events):
Event: 59.836 Thread 0x000000000d3d8000 Threw 0x00000000ebb23c00 at C:\re\jdk7u45\229\hotspot\src\share\vm\prims\jvm.cpp:1244
Event: 59.837 Thread 0x000000000d3d8000 Threw 0x00000000ebb281e0 at C:\re\jdk7u45\229\hotspot\src\share\vm\prims\jvm.cpp:1244
Event: 59.840 Thread 0x000000000d3d8000 Threw 0x00000000ebb2b338 at C:\re\jdk7u45\229\hotspot\src\share\vm\prims\jvm.cpp:1244
Event: 59.841 Thread 0x000000000d3d8000 Threw 0x00000000ebb2f3f8 at C:\re\jdk7u45\229\hotspot\src\share\vm\prims\jvm.cpp:1244
Event: 59.842 Thread 0x000000000d3d8000 Threw 0x00000000ebb33500 at C:\re\jdk7u45\229\hotspot\src\share\vm\prims\jvm.cpp:1244
Event: 59.843 Thread 0x000000000d3d8000 Threw 0x00000000ebb377a0 at C:\re\jdk7u45\229\hotspot\src\share\vm\prims\jvm.cpp:1244
Event: 60.596 Thread 0x000000000d3d8000 Threw 0x00000000ebb40758 at C:\re\jdk7u45\229\hotspot\src\share\vm\prims\jvm.cpp:1244
Event: 60.597 Thread 0x000000000d3d8000 Threw 0x00000000ebb4a140 at C:\re\jdk7u45\229\hotspot\src\share\vm\prims\jvm.cpp:1244
Event: 60.602 Thread 0x000000000a3cd000 Threw 0x00000000eb88f1c0 at C:\re\jdk7u45\229\hotspot\src\share\vm\prims\jvm.cpp:1244
Event: 87.321 Thread 0x000000000d3d8000 Threw 0x00000000ebd3fad0 at C:\re\jdk7u45\229\hotspot\src\share\vm\prims\jvm.cpp:1244

Events (10 events):
Event: 59.843 loading class 0x000000000a2b76e0 done
Event: 60.595 loading class 0x000000000d6f8080
Event: 60.595 loading class 0x000000000d6f8080 done
Event: 60.597 loading class 0x000000000d7406c0
Event: 60.597 loading class 0x000000000d7406c0 done
Event: 60.602 loading class 0x000000000a3e1560
Event: 60.602 loading class 0x000000000a3e1560 done
Event: 83.695 Thread 0x000000000824e800 flushing nmethod 0x0000000002181a10
Event: 87.321 loading class 0x000000000a3e0d40
Event: 87.321 loading class 0x000000000a3e0d40 done


Dynamic libraries:
0x000000013f450000 - 0x000000013f483000 	C:\Program Files\Java\jdk1.7.0_45\bin\javaw.exe
0x00000000779c0000 - 0x0000000077b69000 	C:\Windows\SYSTEM32\ntdll.dll
0x00000000777a0000 - 0x00000000778bf000 	C:\Windows\system32\kernel32.dll
0x000007fefd9a0000 - 0x000007fefda0b000 	C:\Windows\system32\KERNELBASE.dll
0x000007fefe630000 - 0x000007fefe70b000 	C:\Windows\system32\ADVAPI32.dll
0x000007fefe1c0000 - 0x000007fefe25f000 	C:\Windows\system32\msvcrt.dll
0x000007fefe380000 - 0x000007fefe39f000 	C:\Windows\SYSTEM32\sechost.dll
0x000007fefe500000 - 0x000007fefe62d000 	C:\Windows\system32\RPCRT4.dll
0x00000000778c0000 - 0x00000000779ba000 	C:\Windows\system32\USER32.dll
0x000007fefdca0000 - 0x000007fefdd07000 	C:\Windows\system32\GDI32.dll
0x000007feff6e0000 - 0x000007feff6ee000 	C:\Windows\system32\LPK.dll
0x000007fefe880000 - 0x000007fefe949000 	C:\Windows\system32\USP10.dll
0x000007fefc220000 - 0x000007fefc414000 	C:\Windows\WinSxS\amd64_microsoft.windows.common-controls_6595b64144ccf1df_6.0.7601.17514_none_fa396087175ac9ac\COMCTL32.dll
0x000007fefdba0000 - 0x000007fefdc11000 	C:\Windows\system32\SHLWAPI.dll
0x000007fefe850000 - 0x000007fefe87e000 	C:\Windows\system32\IMM32.DLL
0x000007fefe260000 - 0x000007fefe369000 	C:\Windows\system32\MSCTF.dll
0x0000000072ba0000 - 0x0000000072c72000 	C:\Program Files\Java\jdk1.7.0_45\jre\bin\msvcr100.dll
0x000000006ee70000 - 0x000000006f639000 	C:\Program Files\Java\jdk1.7.0_45\jre\bin\server\jvm.dll
0x000007fef3a60000 - 0x000007fef3a69000 	C:\Windows\system32\WSOCK32.dll
0x000007feffbe0000 - 0x000007feffc2d000 	C:\Windows\system32\WS2_32.dll
0x000007fefe370000 - 0x000007fefe378000 	C:\Windows\system32\NSI.dll
0x000007fef8020000 - 0x000007fef805b000 	C:\Windows\system32\WINMM.dll
0x0000000077b90000 - 0x0000000077b97000 	C:\Windows\system32\PSAPI.DLL
0x0000000075360000 - 0x000000007536f000 	C:\Program Files\Java\jdk1.7.0_45\jre\bin\verify.dll
0x0000000073140000 - 0x0000000073168000 	C:\Program Files\Java\jdk1.7.0_45\jre\bin\java.dll
0x0000000075310000 - 0x0000000075325000 	C:\Program Files\Java\jdk1.7.0_45\jre\bin\zip.dll
0x0000000064b80000 - 0x0000000064d15000 	C:\Program Files\Java\jdk1.7.0_45\jre\bin\awt.dll
0x000007fefe710000 - 0x000007fefe7e7000 	C:\Windows\system32\OLEAUT32.dll
0x000007feff9d0000 - 0x000007feffbd3000 	C:\Windows\system32\ole32.dll
0x000007fefd6a0000 - 0x000007fefd6af000 	C:\Windows\system32\CRYPTBASE.dll
0x000007fefe950000 - 0x000007feff6d8000 	C:\Windows\system32\SHELL32.dll
0x000007fefb9d0000 - 0x000007fefb9e8000 	C:\Windows\system32\DWMAPI.DLL
0x000007feedea0000 - 0x000007feee09f000 	C:\Windows\system32\d3d9.dll
0x000007fefc8b0000 - 0x000007fefc8bc000 	C:\Windows\system32\VERSION.dll
0x000007fefc120000 - 0x000007fefc127000 	C:\Windows\system32\d3d8thk.dll
0x000007fee0590000 - 0x000007fee1489000 	C:\Windows\system32\nvd3dumx.dll
0x000007fefbfb0000 - 0x000007fefbfdc000 	C:\Windows\system32\powrprof.dll
0x000007fefdfe0000 - 0x000007fefe1b7000 	C:\Windows\system32\SETUPAPI.dll
0x000007fefd900000 - 0x000007fefd936000 	C:\Windows\system32\CFGMGR32.dll
0x000007fefd820000 - 0x000007fefd83a000 	C:\Windows\system32\DEVOBJ.dll
0x000000006a5c0000 - 0x000000006a606000 	C:\Program Files\Java\jdk1.7.0_45\jre\bin\fontmanager.dll
0x00000000736e0000 - 0x00000000736f9000 	C:\Program Files\Java\jdk1.7.0_45\jre\bin\net.dll
0x000007fefcfa0000 - 0x000007fefcff5000 	C:\Windows\system32\mswsock.dll
0x000007fefcf90000 - 0x000007fefcf97000 	C:\Windows\System32\wship6.dll
0x0000000072e20000 - 0x0000000072e31000 	C:\Program Files\Java\jdk1.7.0_45\jre\bin\nio.dll
0x000000006a610000 - 0x000000006a651000 	C:\Program Files\Java\jdk1.7.0_45\jre\bin\t2k.dll
0x000007feff930000 - 0x000007feff9c9000 	C:\Windows\system32\CLBCatQ.DLL
0x000007fefb7a0000 - 0x000007fefb901000 	C:\Windows\system32\WindowsCodecs.dll
0x000007fefd640000 - 0x000007fefd697000 	C:\Windows\system32\apphelp.dll
0x000007fef0770000 - 0x000007fef09ab000 	C:\PROGRA~1\MICROS~2\Office15\GROOVEEX.DLL
0x000000006c000000 - 0x000000006c098000 	C:\Windows\system32\MSVCP100.dll
0x000000006bfd0000 - 0x000000006bffb000 	C:\Windows\system32\ATL100.DLL
0x000007fef2c10000 - 0x000007fef2f27000 	C:\Windows\system32\msi.dll
0x000007fee2d70000 - 0x000007fee33b7000 	C:\PROGRA~1\MICROS~2\Office15\1031\GrooveIntlResource.dll
0x000007fef66f0000 - 0x000007fef671b000 	C:\Users\Stefan\AppData\Roaming\Dropbox\bin\DropboxExt64.22.dll
0x000007fefb430000 - 0x000007fefb555000 	C:\Windows\system32\dbghelp.dll
0x0000000070e80000 - 0x0000000070f53000 	C:\Windows\WinSxS\amd64_microsoft.vc90.crt_1fc8b3b9a1e18e3b_9.0.30729.6161_none_08e61857a83bc251\MSVCP90.dll
0x00000000705d0000 - 0x0000000070673000 	C:\Windows\WinSxS\amd64_microsoft.vc90.crt_1fc8b3b9a1e18e3b_9.0.30729.6161_none_08e61857a83bc251\MSVCR90.dll
0x000007fef6360000 - 0x000007fef6395000 	C:\Windows\system32\EhStorShell.dll
0x000007fefbe10000 - 0x000007fefbf3c000 	C:\Windows\system32\PROPSYS.dll
0x000007fef62e0000 - 0x000007fef635e000 	C:\Windows\System32\cscui.dll
0x000007fef62d0000 - 0x000007fef62dc000 	C:\Windows\System32\CSCDLL.dll
0x000007fef7680000 - 0x000007fef768f000 	C:\Windows\system32\CSCAPI.dll
0x000007fef61c0000 - 0x000007fef6240000 	C:\Windows\system32\ntshrui.dll
0x000007fefd540000 - 0x000007fefd563000 	C:\Windows\system32\srvcli.dll
0x000007fefb3a0000 - 0x000007fefb3ab000 	C:\Windows\system32\slc.dll
0x000007fefc980000 - 0x000007fefc987000 	C:\Windows\System32\wshtcpip.dll
0x000007fefce20000 - 0x000007fefce7b000 	C:\Windows\system32\DNSAPI.dll
0x000007fefa6d0000 - 0x000007fefa6f7000 	C:\Windows\system32\IPHLPAPI.DLL
0x000007fefa6c0000 - 0x000007fefa6cb000 	C:\Windows\system32\WINNSI.DLL
0x000007fef8e80000 - 0x000007fef8e88000 	C:\Windows\system32\rasadhlp.dll
0x000007fefa440000 - 0x000007fefa493000 	C:\Windows\System32\fwpuclnt.dll
0x000007fefd000000 - 0x000007fefd017000 	C:\Windows\system32\CRYPTSP.dll
0x000007fefcd00000 - 0x000007fefcd47000 	C:\Windows\system32\rsaenh.dll
0x000007fefcac0000 - 0x000007fefcade000 	C:\Windows\system32\USERENV.dll
0x000007fefd770000 - 0x000007fefd77f000 	C:\Windows\system32\profapi.dll
0x0000000065580000 - 0x0000000065610000 	C:\Users\Stefan\AppData\Local\Temp\libgdxStefan\50193462\gdx64.dll
0x0000000180000000 - 0x0000000180050000 	C:\Users\Stefan\AppData\Local\Temp\libgdxStefan\4c88a7c1\lwjgl64.dll
0x000007fef4f90000 - 0x000007fef50ad000 	C:\Windows\system32\OPENGL32.dll
0x000007fef4ed0000 - 0x000007fef4efd000 	C:\Windows\system32\GLU32.dll
0x000007fef4dd0000 - 0x000007fef4ec1000 	C:\Windows\system32\DDRAW.dll
0x000007fef6070000 - 0x000007fef6078000 	C:\Windows\system32\DCIMAN32.dll
0x0000000005b30000 - 0x0000000005b94000 	C:\Users\Stefan\AppData\Local\Temp\libgdxStefan\4c88a7c1\OpenAL64.dll
0x000007fefbf60000 - 0x000007fefbfab000 	C:\Windows\System32\MMDevApi.dll
0x000007fef50b0000 - 0x000007fef5138000 	C:\Windows\system32\dsound.dll
0x000007fef4f40000 - 0x000007fef4f8f000 	C:\Windows\system32\AUDIOSES.DLL
0x0000000058bc0000 - 0x000000005a7f0000 	C:\Windows\system32\nvoglv64.DLL
0x000007fefd940000 - 0x000007fefd97a000 	C:\Windows\system32\WINTRUST.dll
0x000007fefda10000 - 0x000007fefdb7c000 	C:\Windows\system32\CRYPT32.dll
0x000007fefd810000 - 0x000007fefd81f000 	C:\Windows\system32\MSASN1.dll
0x000007fefb770000 - 0x000007fefb79d000 	C:\Windows\system32\ntmarta.dll
0x000007fefe7f0000 - 0x000007fefe842000 	C:\Windows\system32\WLDAP32.dll
0x000007fef77f0000 - 0x000007fef788c000 	C:\Windows\system32\mscms.dll
0x000007fef0a00000 - 0x000007fef0a42000 	C:\Windows\system32\icm32.dll

VM Arguments:
jvm_args: -Dfile.encoding=Cp1252 
java_command: de.htw.saarland.gamedev.nap.GameStarter
Launcher Type: SUN_STANDARD

Environment Variables:
CLASSPATH=C:\xerces-2_11_0\xercesImpl.jar;C:\xerces-2_11_0\xercesSamples.jar;
PATH=C:\Program Files (x86)\NVIDIA Corporation\PhysX\Common;C:\Windows\system32;C:\Windows;C:\Windows\System32\Wbem;C:\Windows\System32\WindowsPowerShell\v1.0\;C:\MinGW\bin;C:\VXIPNP\WinNT\Bin;C:\Program Files\MiKTeX\miktex\bin\x64\
USERNAME=Stefan
OS=Windows_NT
PROCESSOR_IDENTIFIER=Intel64 Family 6 Model 37 Stepping 5, GenuineIntel



---------------  S Y S T E M  ---------------

OS: Windows 7 , 64 bit Build 7601 Service Pack 1

CPU:total 4 (2 cores per cpu, 2 threads per core) family 6 model 37 stepping 5, cmov, cx8, fxsr, mmx, sse, sse2, sse3, ssse3, sse4.1, sse4.2, popcnt, ht, tsc, tscinvbit

Memory: 4k page, physical 4051508k(935580k free), swap 8101152k(3584528k free)

vm_info: Java HotSpot(TM) 64-Bit Server VM (24.45-b08) for windows-amd64 JRE (1.7.0_45-b18), built on Oct  8 2013 05:47:22 by "java_re" with unknown MS VC++:1600

time: Wed Jan 08 17:54:01 2014
elapsed time: 87 seconds

